Build started 14.04.2021 1:52:17.
     1>Project "H:\MOCOS\lab_2\lab_2\lab_2.vcxproj" on node 2 (build target(s)).
     1>InitializeBuildStatus:
         Creating "Debug\lab_2.unsuccessfulbuild" because "AlwaysCreate" was specified.
       ClCompile:
         All outputs are up-to-date.
       ManifestResourceCompile:
         All outputs are up-to-date.
       Link:
         c:\Program Files (x86)\Microsoft Visual Studio 10.0\VC\bin\link.exe /ERRORREPORT:PROMPT /OUT:"H:\MOCOS\lab_2\Debug\lab_2.exe" /INCREMENTAL /NOLOGO kernel32.lib user32.lib gdi32.lib winspool.lib comdlg32.lib advapi32.lib shell32.lib ole32.lib oleaut32.lib uuid.lib odbc32.lib odbccp32.lib /MANIFEST /ManifestFile:"Debug\lab_2.exe.intermediate.manifest" /MANIFESTUAC:"level='asInvoker' uiAccess='false'" /DEBUG /PDB:"H:\MOCOS\lab_2\Debug\lab_2.pdb" /SUBSYSTEM:CONSOLE /TLBID:1 /DYNAMICBASE /NXCOMPAT /IMPLIB:"H:\MOCOS\lab_2\Debug\lab_2.lib" /MACHINE:X86 Debug\lab_2.exe.embed.manifest.res
         Debug\bpf.obj
         Debug\conv.obj
         Debug\dpf.obj
         Debug\main.obj
       Manifest:
         C:\Program Files (x86)\Microsoft SDKs\Windows\v7.0A\bin\mt.exe /nologo /verbose /out:"Debug\lab_2.exe.embed.manifest" /manifest Debug\lab_2.exe.intermediate.manifest
         All outputs are up-to-date.
       LinkEmbedManifest:
         c:\Program Files (x86)\Microsoft Visual Studio 10.0\VC\bin\link.exe /ERRORREPORT:PROMPT /OUT:"H:\MOCOS\lab_2\Debug\lab_2.exe" /INCREMENTAL /NOLOGO kernel32.lib user32.lib gdi32.lib winspool.lib comdlg32.lib advapi32.lib shell32.lib ole32.lib oleaut32.lib uuid.lib odbc32.lib odbccp32.lib /MANIFEST /ManifestFile:"Debug\lab_2.exe.intermediate.manifest" /MANIFESTUAC:"level='asInvoker' uiAccess='false'" /DEBUG /PDB:"H:\MOCOS\lab_2\Debug\lab_2.pdb" /SUBSYSTEM:CONSOLE /TLBID:1 /DYNAMICBASE /NXCOMPAT /IMPLIB:"H:\MOCOS\lab_2\Debug\lab_2.lib" /MACHINE:X86 Debug\lab_2.exe.embed.manifest.res
         Debug\bpf.obj
         Debug\conv.obj
         Debug\dpf.obj
         Debug\main.obj
         lab_2.vcxproj -> H:\MOCOS\lab_2\Debug\lab_2.exe
       FinalizeBuildStatus:
         Deleting file "Debug\lab_2.unsuccessfulbuild".
         Touching "Debug\lab_2.lastbuildstate".
     1>Done Building Project "H:\MOCOS\lab_2\lab_2\lab_2.vcxproj" (build target(s)).

Build succeeded.

Time Elapsed 00:00:01.49
